<?xml version="1.0" encoding="UTF-8"?>
<testsuite name="jpabook.jpashop.service.OrderServiceTest" tests="3" skipped="0" failures="0" errors="0" timestamp="2026-09-19T12:08:37.802Z" hostname="DESKTOP-675TN1F" time="7.179">
  <properties/>
  <testcase name="상품주문_재고수량초과()" classname="jpabook.jpashop.service.OrderServiceTest" time="0.785"/>
  <testcase name="상품주문()" classname="jpabook.jpashop.service.OrderServiceTest" time="0.018"/>
  <testcase name="주문취소()" classname="jpabook.jpashop.service.OrderServiceTest" time="0.013"/>
  <system-out><![CDATA[21:08:38.019 [Test worker] INFO org.springframework.test.context.support.AnnotationConfigContextLoaderUtils -- Could not detect default configuration classes for test class [jpabook.jpashop.service.OrderServiceTest]: OrderServiceTest does not declare any static, non-private, non-final, nested classes annotated with @Configuration.
21:08:38.128 [Test worker] INFO org.springframework.boot.test.context.SpringBootTestContextBootstrapper -- Found @SpringBootConfiguration jpabook.jpashop.JpashopApplication for test class jpabook.jpashop.service.OrderServiceTest
21:08:38.220 [Test worker] INFO org.springframework.test.context.support.AnnotationConfigContextLoaderUtils -- Could not detect default configuration classes for test class [jpabook.jpashop.service.OrderServiceTest]: OrderServiceTest does not declare any static, non-private, non-final, nested classes annotated with @Configuration.
21:08:38.223 [Test worker] INFO org.springframework.boot.test.context.SpringBootTestContextBootstrapper -- Found @SpringBootConfiguration jpabook.jpashop.JpashopApplication for test class jpabook.jpashop.service.OrderServiceTest
21:08:38.298 [Test worker] INFO org.springframework.boot.devtools.restart.RestartApplicationListener -- Restart disabled due to context in which it is running

  .   ____          _            __ _ _
 /\\ / ___'_ __ _ _(_)_ __  __ _ \ \ \ \
( ( )\___ | '_ | '_| | '_ \/ _` | \ \ \ \
 \\/  ___)| |_)| | | | | || (_| |  ) ) ) )
  '  |____| .__|_| |_|_| |_\__, | / / / /
 =========|_|==============|___/=/_/_/_/

 :: Spring Boot ::                (v4.1.1)

2026-09-19T21:08:38.693+09:00  INFO 25648 --- [    Test worker] j.jpashop.service.OrderServiceTest       : Starting OrderServiceTest using Java 17.0.20.1 with PID 25648 (started by kobg in D:\Study\jpashop)
2026-09-19T21:08:38.694+09:00  INFO 25648 --- [    Test worker] j.jpashop.service.OrderServiceTest       : No active profile set, falling back to 1 default profile: "default"
2026-09-19T21:08:39.505+09:00  INFO 25648 --- [    Test worker] .s.d.r.c.RepositoryConfigurationDelegate : Bootstrapping Spring Data JPA repositories in DEFAULT mode.
2026-09-19T21:08:39.546+09:00  INFO 25648 --- [    Test worker] .s.d.r.c.RepositoryConfigurationDelegate : Finished Spring Data repository scanning in 26 ms. Found 0 JPA repository interfaces.
2026-09-19T21:08:40.483+09:00  INFO 25648 --- [    Test worker] com.zaxxer.hikari.HikariDataSource       : HikariPool-1 - Starting...
2026-09-19T21:08:40.845+09:00  INFO 25648 --- [    Test worker] com.zaxxer.hikari.pool.HikariPool        : HikariPool-1 - Added connection conn0: url=jdbc:h2:mem:82f87268-94a2-4777-96d5-e5f5da2260fa user=SA
2026-09-19T21:08:40.847+09:00  INFO 25648 --- [    Test worker] com.zaxxer.hikari.HikariDataSource       : HikariPool-1 - Start completed.
2026-09-19T21:08:40.904+09:00  INFO 25648 --- [    Test worker] org.hibernate.orm.jpa                    : HHH008540: Processing PersistenceUnitInfo [name: default]
2026-09-19T21:08:41.023+09:00  INFO 25648 --- [    Test worker] org.hibernate.orm.core                   : HHH000001: Hibernate ORM core version 7.4.5.Final
2026-09-19T21:08:41.628+09:00  INFO 25648 --- [    Test worker] o.s.o.j.p.SpringPersistenceUnitInfo      : No LoadTimeWeaver setup: ignoring JPA class transformer
2026-09-19T21:08:41.746+09:00  INFO 25648 --- [    Test worker] org.hibernate.orm.connections.pooling    : HHH10001005: Database info:
	Database JDBC URL [jdbc:h2:mem:82f87268-94a2-4777-96d5-e5f5da2260fa]
	Database driver: H2 JDBC Driver
	Database dialect: H2Dialect
	Database version: 2.4.240
	Default catalog/schema: 82F87268-94A2-4777-96D5-E5F5DA2260FA/PUBLIC
	Autocommit mode: undefined/unknown
	Isolation level: READ_COMMITTED [default READ_COMMITTED]
	JDBC fetch size: 100
	Pool: DataSourceConnectionProvider
	Minimum pool size: undefined/unknown
	Maximum pool size: undefined/unknown
2026-09-19T21:08:42.971+09:00 DEBUG 25648 --- [    Test worker] org.hibernate.SQL                        : create global temporary table HTE_order_item(count integer, orderPrice integer, rn_ integer not null, id bigint, item_id bigint, order_id bigint, primary key (rn_)) transactional
2026-09-19T21:08:42.977+09:00  INFO 25648 --- [    Test worker] p6spy                                    : #1789819722976 | took 4ms | statement | connection 2| url jdbc:h2:mem:82f87268-94a2-4777-96d5-e5f5da2260fa
create global temporary table HTE_order_item(count integer, orderPrice integer, rn_ integer not null, id bigint, item_id bigint, order_id bigint, primary key (rn_)) transactional
create global temporary table HTE_order_item(count integer, orderPrice integer, rn_ integer not null, id bigint, item_id bigint, order_id bigint, primary key (rn_)) transactional;
2026-09-19T21:08:42.978+09:00 DEBUG 25648 --- [    Test worker] org.hibernate.SQL                        : create global temporary table HTE_category(rn_ integer not null, id bigint, parent_id bigint, name varchar(255), primary key (rn_)) transactional
2026-09-19T21:08:42.979+09:00  INFO 25648 --- [    Test worker] p6spy                                    : #1789819722979 | took 1ms | statement | connection 3| url jdbc:h2:mem:82f87268-94a2-4777-96d5-e5f5da2260fa
create global temporary table HTE_category(rn_ integer not null, id bigint, parent_id bigint, name varchar(255), primary key (rn_)) transactional
create global temporary table HTE_category(rn_ integer not null, id bigint, parent_id bigint, name varchar(255), primary key (rn_)) transactional;
2026-09-19T21:08:42.981+09:00 DEBUG 25648 --- [    Test worker] org.hibernate.SQL                        : create global temporary table HTE_delivery(rn_ integer not null, id bigint, address_city varchar(255), address_street varchar(255), address_zipcode varchar(255), status enum ('COMP','READY'), primary key (rn_)) transactional
2026-09-19T21:08:42.982+09:00  INFO 25648 --- [    Test worker] p6spy                                    : #1789819722982 | took 0ms | statement | connection 4| url jdbc:h2:mem:82f87268-94a2-4777-96d5-e5f5da2260fa
create global temporary table HTE_delivery(rn_ integer not null, id bigint, address_city varchar(255), address_street varchar(255), address_zipcode varchar(255), status enum ('COMP','READY'), primary key (rn_)) transactional
create global temporary table HTE_delivery(rn_ integer not null, id bigint, address_city varchar(255), address_street varchar(255), address_zipcode varchar(255), status enum ('COMP','READY'), primary key (rn_)) transactional;
2026-09-19T21:08:42.985+09:00 DEBUG 25648 --- [    Test worker] org.hibernate.SQL                        : create global temporary table HTE_item(price integer, rn_ integer not null, stockQuantity integer, id bigint, class varchar(31) not null, name varchar(255), primary key (rn_)) transactional
2026-09-19T21:08:42.986+09:00  INFO 25648 --- [    Test worker] p6spy                                    : #1789819722985 | took 0ms | statement | connection 5| url jdbc:h2:mem:82f87268-94a2-4777-96d5-e5f5da2260fa
create global temporary table HTE_item(price integer, rn_ integer not null, stockQuantity integer, id bigint, class varchar(31) not null, name varchar(255), primary key (rn_)) transactional
create global temporary table HTE_item(price integer, rn_ integer not null, stockQuantity integer, id bigint, class varchar(31) not null, name varchar(255), primary key (rn_)) transactional;
2026-09-19T21:08:42.986+09:00 DEBUG 25648 --- [    Test worker] org.hibernate.SQL                        : create global temporary table HTE_item2(price integer, rn_ integer not null, stockQuantity integer, id bigint, class varchar(31) not null, author varchar(255), isbn varchar(255), name varchar(255), primary key (rn_)) transactional
2026-09-19T21:08:42.987+09:00  INFO 25648 --- [    Test worker] p6spy                                    : #1789819722987 | took 0ms | statement | connection 6| url jdbc:h2:mem:82f87268-94a2-4777-96d5-e5f5da2260fa
create global temporary table HTE_item2(price integer, rn_ integer not null, stockQuantity integer, id bigint, class varchar(31) not null, author varchar(255), isbn varchar(255), name varchar(255), primary key (rn_)) transactional
create global temporary table HTE_item2(price integer, rn_ integer not null, stockQuantity integer, id bigint, class varchar(31) not null, author varchar(255), isbn varchar(255), name varchar(255), primary key (rn_)) transactional;
2026-09-19T21:08:42.987+09:00 DEBUG 25648 --- [    Test worker] org.hibernate.SQL                        : create global temporary table HTE_item3(price integer, rn_ integer not null, stockQuantity integer, id bigint, class varchar(31) not null, actor varchar(255), director varchar(255), name varchar(255), primary key (rn_)) transactional
2026-09-19T21:08:42.988+09:00  INFO 25648 --- [    Test worker] p6spy                                    : #1789819722988 | took 0ms | statement | connection 7| url jdbc:h2:mem:82f87268-94a2-4777-96d5-e5f5da2260fa
create global temporary table HTE_item3(price integer, rn_ integer not null, stockQuantity integer, id bigint, class varchar(31) not null, actor varchar(255), director varchar(255), name varchar(255), primary key (rn_)) transactional
create global temporary table HTE_item3(price integer, rn_ integer not null, stockQuantity integer, id bigint, class varchar(31) not null, actor varchar(255), director varchar(255), name varchar(255), primary key (rn_)) transactional;
2026-09-19T21:08:42.988+09:00 DEBUG 25648 --- [    Test worker] org.hibernate.SQL                        : create global temporary table HTE_member(rn_ integer not null, id bigint, address_city varchar(255), address_street varchar(255), address_zipcode varchar(255), name varchar(255), primary key (rn_)) transactional
2026-09-19T21:08:42.989+09:00  INFO 25648 --- [    Test worker] p6spy                                    : #1789819722989 | took 0ms | statement | connection 8| url jdbc:h2:mem:82f87268-94a2-4777-96d5-e5f5da2260fa
create global temporary table HTE_member(rn_ integer not null, id bigint, address_city varchar(255), address_street varchar(255), address_zipcode varchar(255), name varchar(255), primary key (rn_)) transactional
create global temporary table HTE_member(rn_ integer not null, id bigint, address_city varchar(255), address_street varchar(255), address_zipcode varchar(255), name varchar(255), primary key (rn_)) transactional;
2026-09-19T21:08:42.990+09:00 DEBUG 25648 --- [    Test worker] org.hibernate.SQL                        : create global temporary table HTE_item1(price integer, rn_ integer not null, stockQuantity integer, id bigint, class varchar(31) not null, artist varchar(255), etc varchar(255), name varchar(255), primary key (rn_)) transactional
2026-09-19T21:08:42.990+09:00  INFO 25648 --- [    Test worker] p6spy                                    : #1789819722990 | took 0ms | statement | connection 9| url jdbc:h2:mem:82f87268-94a2-4777-96d5-e5f5da2260fa
create global temporary table HTE_item1(price integer, rn_ integer not null, stockQuantity integer, id bigint, class varchar(31) not null, artist varchar(255), etc varchar(255), name varchar(255), primary key (rn_)) transactional
create global temporary table HTE_item1(price integer, rn_ integer not null, stockQuantity integer, id bigint, class varchar(31) not null, artist varchar(255), etc varchar(255), name varchar(255), primary key (rn_)) transactional;
2026-09-19T21:08:42.991+09:00 DEBUG 25648 --- [    Test worker] org.hibernate.SQL                        : create global temporary table HTE_orders(rn_ integer not null, delivery_id bigint, id bigint, member_id bigint, orderDate timestamp(6), status enum ('CANCEL','ORDER'), primary key (rn_)) transactional
2026-09-19T21:08:42.991+09:00  INFO 25648 --- [    Test worker] p6spy                                    : #1789819722991 | took 0ms | statement | connection 10| url jdbc:h2:mem:82f87268-94a2-4777-96d5-e5f5da2260fa
create global temporary table HTE_orders(rn_ integer not null, delivery_id bigint, id bigint, member_id bigint, orderDate timestamp(6), status enum ('CANCEL','ORDER'), primary key (rn_)) transactional
create global temporary table HTE_orders(rn_ integer not null, delivery_id bigint, id bigint, member_id bigint, orderDate timestamp(6), status enum ('CANCEL','ORDER'), primary key (rn_)) transactional;
2026-09-19T21:08:43.170+09:00  INFO 25648 --- [    Test worker] org.hibernate.orm.core                   : HHH000489: No JTA platform available (set 'hibernate.transaction.jta.platform' to enable JTA platform integration)
2026-09-19T21:08:43.190+09:00 DEBUG 25648 --- [    Test worker] org.hibernate.SQL                        : drop table if exists category cascade 
2026-09-19T21:08:43.191+09:00  INFO 25648 --- [    Test worker] p6spy                                    : #1789819723191 | took 0ms | statement | connection 11| url jdbc:h2:mem:82f87268-94a2-4777-96d5-e5f5da2260fa
drop table if exists category cascade 
drop table if exists category cascade ;
2026-09-19T21:08:43.191+09:00 DEBUG 25648 --- [    Test worker] org.hibernate.SQL                        : drop table if exists category_item cascade 
2026-09-19T21:08:43.191+09:00  INFO 25648 --- [    Test worker] p6spy                                    : #1789819723191 | took 0ms | statement | connection 11| url jdbc:h2:mem:82f87268-94a2-4777-96d5-e5f5da2260fa
drop table if exists category_item cascade 
drop table if exists category_item cascade ;
2026-09-19T21:08:43.192+09:00 DEBUG 25648 --- [    Test worker] org.hibernate.SQL                        : drop table if exists delivery cascade 
2026-09-19T21:08:43.192+09:00  INFO 25648 --- [    Test worker] p6spy                                    : #1789819723192 | took 0ms | statement | connection 11| url jdbc:h2:mem:82f87268-94a2-4777-96d5-e5f5da2260fa
drop table if exists delivery cascade 
drop table if exists delivery cascade ;
2026-09-19T21:08:43.192+09:00 DEBUG 25648 --- [    Test worker] org.hibernate.SQL                        : drop table if exists item cascade 
2026-09-19T21:08:43.192+09:00  INFO 25648 --- [    Test worker] p6spy                                    : #1789819723192 | took 0ms | statement | connection 11| url jdbc:h2:mem:82f87268-94a2-4777-96d5-e5f5da2260fa
drop table if exists item cascade 
drop table if exists item cascade ;
2026-09-19T21:08:43.192+09:00 DEBUG 25648 --- [    Test worker] org.hibernate.SQL                        : drop table if exists member cascade 
2026-09-19T21:08:43.192+09:00  INFO 25648 --- [    Test worker] p6spy                                    : #1789819723192 | took 0ms | statement | connection 11| url jdbc:h2:mem:82f87268-94a2-4777-96d5-e5f5da2260fa
drop table if exists member cascade 
drop table if exists member cascade ;
2026-09-19T21:08:43.193+09:00 DEBUG 25648 --- [    Test worker] org.hibernate.SQL                        : drop table if exists order_item cascade 
2026-09-19T21:08:43.193+09:00  INFO 25648 --- [    Test worker] p6spy                                    : #1789819723193 | took 0ms | statement | connection 11| url jdbc:h2:mem:82f87268-94a2-4777-96d5-e5f5da2260fa
drop table if exists order_item cascade 
drop table if exists order_item cascade ;
2026-09-19T21:08:43.193+09:00 DEBUG 25648 --- [    Test worker] org.hibernate.SQL                        : drop table if exists orders cascade 
2026-09-19T21:08:43.193+09:00  INFO 25648 --- [    Test worker] p6spy                                    : #1789819723193 | took 0ms | statement | connection 11| url jdbc:h2:mem:82f87268-94a2-4777-96d5-e5f5da2260fa
drop table if exists orders cascade 
drop table if exists orders cascade ;
2026-09-19T21:08:43.193+09:00 DEBUG 25648 --- [    Test worker] org.hibernate.SQL                        : drop sequence if exists category_seq
2026-09-19T21:08:43.194+09:00  INFO 25648 --- [    Test worker] p6spy                                    : #1789819723194 | took 0ms | statement | connection 11| url jdbc:h2:mem:82f87268-94a2-4777-96d5-e5f5da2260fa
drop sequence if exists category_seq
drop sequence if exists category_seq;
2026-09-19T21:08:43.194+09:00 DEBUG 25648 --- [    Test worker] org.hibernate.SQL                        : drop sequence if exists delivery_seq
2026-09-19T21:08:43.194+09:00  INFO 25648 --- [    Test worker] p6spy                                    : #1789819723194 | took 0ms | statement | connection 11| url jdbc:h2:mem:82f87268-94a2-4777-96d5-e5f5da2260fa
drop sequence if exists delivery_seq
drop sequence if exists delivery_seq;
2026-09-19T21:08:43.194+09:00 DEBUG 25648 --- [    Test worker] org.hibernate.SQL                        : drop sequence if exists item_seq
2026-09-19T21:08:43.194+09:00  INFO 25648 --- [    Test worker] p6spy                                    : #1789819723194 | took 0ms | statement | connection 11| url jdbc:h2:mem:82f87268-94a2-4777-96d5-e5f5da2260fa
drop sequence if exists item_seq
drop sequence if exists item_seq;
2026-09-19T21:08:43.194+09:00 DEBUG 25648 --- [    Test worker] org.hibernate.SQL                        : drop sequence if exists member_seq
2026-09-19T21:08:43.195+09:00  INFO 25648 --- [    Test worker] p6spy                                    : #1789819723195 | took 0ms | statement | connection 11| url jdbc:h2:mem:82f87268-94a2-4777-96d5-e5f5da2260fa
drop sequence if exists member_seq
drop sequence if exists member_seq;
2026-09-19T21:08:43.195+09:00 DEBUG 25648 --- [    Test worker] org.hibernate.SQL                        : drop sequence if exists order_item_seq
2026-09-19T21:08:43.195+09:00  INFO 25648 --- [    Test worker] p6spy                                    : #1789819723195 | took 0ms | statement | connection 11| url jdbc:h2:mem:82f87268-94a2-4777-96d5-e5f5da2260fa
drop sequence if exists order_item_seq
drop sequence if exists order_item_seq;
2026-09-19T21:08:43.195+09:00 DEBUG 25648 --- [    Test worker] org.hibernate.SQL                        : drop sequence if exists orders_seq
2026-09-19T21:08:43.195+09:00  INFO 25648 --- [    Test worker] p6spy                                    : #1789819723195 | took 0ms | statement | connection 11| url jdbc:h2:mem:82f87268-94a2-4777-96d5-e5f5da2260fa
drop sequence if exists orders_seq
drop sequence if exists orders_seq;
2026-09-19T21:08:43.200+09:00 DEBUG 25648 --- [    Test worker] org.hibernate.SQL                        : create sequence category_seq start with 1 increment by 50
2026-09-19T21:08:43.202+09:00  INFO 25648 --- [    Test worker] p6spy                                    : #1789819723202 | took 1ms | statement | connection 12| url jdbc:h2:mem:82f87268-94a2-4777-96d5-e5f5da2260fa
create sequence category_seq start with 1 increment by 50
create sequence category_seq start with 1 increment by 50;
2026-09-19T21:08:43.202+09:00 DEBUG 25648 --- [    Test worker] org.hibernate.SQL                        : create sequence delivery_seq start with 1 increment by 50
2026-09-19T21:08:43.202+09:00  INFO 25648 --- [    Test worker] p6spy                                    : #1789819723202 | took 0ms | statement | connection 12| url jdbc:h2:mem:82f87268-94a2-4777-96d5-e5f5da2260fa
create sequence delivery_seq start with 1 increment by 50
create sequence delivery_seq start with 1 increment by 50;
2026-09-19T21:08:43.202+09:00 DEBUG 25648 --- [    Test worker] org.hibernate.SQL                        : create sequence item_seq start with 1 increment by 50
2026-09-19T21:08:43.203+09:00  INFO 25648 --- [    Test worker] p6spy                                    : #1789819723203 | took 0ms | statement | connection 12| url jdbc:h2:mem:82f87268-94a2-4777-96d5-e5f5da2260fa
create sequence item_seq start with 1 increment by 50
create sequence item_seq start with 1 increment by 50;
2026-09-19T21:08:43.203+09:00 DEBUG 25648 --- [    Test worker] org.hibernate.SQL                        : create sequence member_seq start with 1 increment by 50
2026-09-19T21:08:43.203+09:00  INFO 25648 --- [    Test worker] p6spy                                    : #1789819723203 | took 0ms | statement | connection 12| url jdbc:h2:mem:82f87268-94a2-4777-96d5-e5f5da2260fa
create sequence member_seq start with 1 increment by 50
create sequence member_seq start with 1 increment by 50;
2026-09-19T21:08:43.204+09:00 DEBUG 25648 --- [    Test worker] org.hibernate.SQL                        : create sequence order_item_seq start with 1 increment by 50
2026-09-19T21:08:43.204+09:00  INFO 25648 --- [    Test worker] p6spy                                    : #1789819723204 | took 0ms | statement | connection 12| url jdbc:h2:mem:82f87268-94a2-4777-96d5-e5f5da2260fa
create sequence order_item_seq start with 1 increment by 50
create sequence order_item_seq start with 1 increment by 50;
2026-09-19T21:08:43.204+09:00 DEBUG 25648 --- [    Test worker] org.hibernate.SQL                        : create sequence orders_seq start with 1 increment by 50
2026-09-19T21:08:43.204+09:00  INFO 25648 --- [    Test worker] p6spy                                    : #1789819723204 | took 0ms | statement | connection 12| url jdbc:h2:mem:82f87268-94a2-4777-96d5-e5f5da2260fa
create sequence orders_seq start with 1 increment by 50
create sequence orders_seq start with 1 increment by 50;
2026-09-19T21:08:43.206+09:00 DEBUG 25648 --- [    Test worker] org.hibernate.SQL                        : create table category (category_id bigint not null, parent_id bigint, name varchar(255), primary key (category_id))
2026-09-19T21:08:43.207+09:00  INFO 25648 --- [    Test worker] p6spy                                    : #1789819723207 | took 1ms | statement | connection 12| url jdbc:h2:mem:82f87268-94a2-4777-96d5-e5f5da2260fa
create table category (category_id bigint not null, parent_id bigint, name varchar(255), primary key (category_id))
create table category (category_id bigint not null, parent_id bigint, name varchar(255), primary key (category_id));
2026-09-19T21:08:43.207+09:00 DEBUG 25648 --- [    Test worker] org.hibernate.SQL                        : create table category_item (category_id bigint not null, item_id bigint not null)
2026-09-19T21:08:43.208+09:00  INFO 25648 --- [    Test worker] p6spy                                    : #1789819723208 | took 0ms | statement | connection 12| url jdbc:h2:mem:82f87268-94a2-4777-96d5-e5f5da2260fa
create table category_item (category_id bigint not null, item_id bigint not null)
create table category_item (category_id bigint not null, item_id bigint not null);
2026-09-19T21:08:43.208+09:00 DEBUG 25648 --- [    Test worker] org.hibernate.SQL                        : create table delivery (delivery_id bigint not null, city varchar(255), street varchar(255), zipcode varchar(255), status enum ('COMP','READY'), primary key (delivery_id))
2026-09-19T21:08:43.210+09:00  INFO 25648 --- [    Test worker] p6spy                                    : #1789819723210 | took 1ms | statement | connection 12| url jdbc:h2:mem:82f87268-94a2-4777-96d5-e5f5da2260fa
create table delivery (delivery_id bigint not null, city varchar(255), street varchar(255), zipcode varchar(255), status enum ('COMP','READY'), primary key (delivery_id))
create table delivery (delivery_id bigint not null, city varchar(255), street varchar(255), zipcode varchar(255), status enum ('COMP','READY'), primary key (delivery_id));
2026-09-19T21:08:43.210+09:00 DEBUG 25648 --- [    Test worker] org.hibernate.SQL                        : create table item (price integer not null, stock_quantity integer not null, item_id bigint not null, dtype varchar(31) not null check ((dtype in ('A','B','M'))), actor varchar(255), artist varchar(255), author varchar(255), director varchar(255), etc varchar(255), isbn varchar(255), name varchar(255), primary key (item_id))
2026-09-19T21:08:43.215+09:00  INFO 25648 --- [    Test worker] p6spy                                    : #1789819723215 | took 4ms | statement | connection 12| url jdbc:h2:mem:82f87268-94a2-4777-96d5-e5f5da2260fa
create table item (price integer not null, stock_quantity integer not null, item_id bigint not null, dtype varchar(31) not null check ((dtype in ('A','B','M'))), actor varchar(255), artist varchar(255), author varchar(255), director varchar(255), etc varchar(255), isbn varchar(255), name varchar(255), primary key (item_id))
create table item (price integer not null, stock_quantity integer not null, item_id bigint not null, dtype varchar(31) not null check ((dtype in ('A','B','M'))), actor varchar(255), artist varchar(255), author varchar(255), director varchar(255), etc varchar(255), isbn varchar(255), name varchar(255), primary key (item_id));
2026-09-19T21:08:43.215+09:00 DEBUG 25648 --- [    Test worker] org.hibernate.SQL                        : create table member (member_id bigint not null, city varchar(255), name varchar(255), street varchar(255), zipcode varchar(255), primary key (member_id))
2026-09-19T21:08:43.216+09:00  INFO 25648 --- [    Test worker] p6spy                                    : #1789819723216 | took 0ms | statement | connection 12| url jdbc:h2:mem:82f87268-94a2-4777-96d5-e5f5da2260fa
create table member (member_id bigint not null, city varchar(255), name varchar(255), street varchar(255), zipcode varchar(255), primary key (member_id))
create table member (member_id bigint not null, city varchar(255), name varchar(255), street varchar(255), zipcode varchar(255), primary key (member_id));
2026-09-19T21:08:43.216+09:00 DEBUG 25648 --- [    Test worker] org.hibernate.SQL                        : create table order_item (count integer not null, order_price integer not null, item_id bigint, order_id bigint, order_itme_id bigint not null, primary key (order_itme_id))
2026-09-19T21:08:43.217+09:00  INFO 25648 --- [    Test worker] p6spy                                    : #1789819723217 | took 0ms | statement | connection 12| url jdbc:h2:mem:82f87268-94a2-4777-96d5-e5f5da2260fa
create table order_item (count integer not null, order_price integer not null, item_id bigint, order_id bigint, order_itme_id bigint not null, primary key (order_itme_id))
create table order_item (count integer not null, order_price integer not null, item_id bigint, order_id bigint, order_itme_id bigint not null, primary key (order_itme_id));
2026-09-19T21:08:43.218+09:00 DEBUG 25648 --- [    Test worker] org.hibernate.SQL                        : create table orders (delivery_id bigint unique, member_id bigint, order_date timestamp(6), order_id bigint not null, status enum ('CANCEL','ORDER'), primary key (order_id))
2026-09-19T21:08:43.221+09:00  INFO 25648 --- [    Test worker] p6spy                                    : #1789819723221 | took 3ms | statement | connection 12| url jdbc:h2:mem:82f87268-94a2-4777-96d5-e5f5da2260fa
create table orders (delivery_id bigint unique, member_id bigint, order_date timestamp(6), order_id bigint not null, status enum ('CANCEL','ORDER'), primary key (order_id))
create table orders (delivery_id bigint unique, member_id bigint, order_date timestamp(6), order_id bigint not null, status enum ('CANCEL','ORDER'), primary key (order_id));
2026-09-19T21:08:43.222+09:00 DEBUG 25648 --- [    Test worker] org.hibernate.SQL                        : alter table if exists category add constraint FK2y94svpmqttx80mshyny85wqr foreign key (parent_id) references category
2026-09-19T21:08:43.232+09:00  INFO 25648 --- [    Test worker] p6spy                                    : #1789819723232 | took 9ms | statement | connection 12| url jdbc:h2:mem:82f87268-94a2-4777-96d5-e5f5da2260fa
alter table if exists category add constraint FK2y94svpmqttx80mshyny85wqr foreign key (parent_id) references category
alter table if exists category add constraint FK2y94svpmqttx80mshyny85wqr foreign key (parent_id) references category;
2026-09-19T21:08:43.233+09:00 DEBUG 25648 --- [    Test worker] org.hibernate.SQL                        : alter table if exists category_item add constraint FKu8b4lwqutcdq3363gf6mlujq foreign key (item_id) references item
2026-09-19T21:08:43.234+09:00  INFO 25648 --- [    Test worker] p6spy                                    : #1789819723234 | took 1ms | statement | connection 12| url jdbc:h2:mem:82f87268-94a2-4777-96d5-e5f5da2260fa
alter table if exists category_item add constraint FKu8b4lwqutcdq3363gf6mlujq foreign key (item_id) references item
alter table if exists category_item add constraint FKu8b4lwqutcdq3363gf6mlujq foreign key (item_id) references item;
2026-09-19T21:08:43.235+09:00 DEBUG 25648 --- [    Test worker] org.hibernate.SQL                        : alter table if exists category_item add constraint FKcq2n0opf5shyh84ex1fhukcbh foreign key (category_id) references category
2026-09-19T21:08:43.236+09:00  INFO 25648 --- [    Test worker] p6spy                                    : #1789819723236 | took 1ms | statement | connection 12| url jdbc:h2:mem:82f87268-94a2-4777-96d5-e5f5da2260fa
alter table if exists category_item add constraint FKcq2n0opf5shyh84ex1fhukcbh foreign key (category_id) references category
alter table if exists category_item add constraint FKcq2n0opf5shyh84ex1fhukcbh foreign key (category_id) references category;
2026-09-19T21:08:43.236+09:00 DEBUG 25648 --- [    Test worker] org.hibernate.SQL                        : alter table if exists order_item add constraint FKija6hjjiit8dprnmvtvgdp6ru foreign key (item_id) references item
2026-09-19T21:08:43.237+09:00  INFO 25648 --- [    Test worker] p6spy                                    : #1789819723237 | took 1ms | statement | connection 12| url jdbc:h2:mem:82f87268-94a2-4777-96d5-e5f5da2260fa
alter table if exists order_item add constraint FKija6hjjiit8dprnmvtvgdp6ru foreign key (item_id) references item
alter table if exists order_item add constraint FKija6hjjiit8dprnmvtvgdp6ru foreign key (item_id) references item;
2026-09-19T21:08:43.237+09:00 DEBUG 25648 --- [    Test worker] org.hibernate.SQL                        : alter table if exists order_item add constraint FKt4dc2r9nbvbujrljv3e23iibt foreign key (order_id) references orders
2026-09-19T21:08:43.238+09:00  INFO 25648 --- [    Test worker] p6spy                                    : #1789819723238 | took 1ms | statement | connection 12| url jdbc:h2:mem:82f87268-94a2-4777-96d5-e5f5da2260fa
alter table if exists order_item add constraint FKt4dc2r9nbvbujrljv3e23iibt foreign key (order_id) references orders
alter table if exists order_item add constraint FKt4dc2r9nbvbujrljv3e23iibt foreign key (order_id) references orders;
2026-09-19T21:08:43.239+09:00 DEBUG 25648 --- [    Test worker] org.hibernate.SQL                        : alter table if exists orders add constraint FKtkrur7wg4d8ax0pwgo0vmy20c foreign key (delivery_id) references delivery
2026-09-19T21:08:43.240+09:00  INFO 25648 --- [    Test worker] p6spy                                    : #1789819723240 | took 0ms | statement | connection 12| url jdbc:h2:mem:82f87268-94a2-4777-96d5-e5f5da2260fa
alter table if exists orders add constraint FKtkrur7wg4d8ax0pwgo0vmy20c foreign key (delivery_id) references delivery
alter table if exists orders add constraint FKtkrur7wg4d8ax0pwgo0vmy20c foreign key (delivery_id) references delivery;
2026-09-19T21:08:43.240+09:00 DEBUG 25648 --- [    Test worker] org.hibernate.SQL                        : alter table if exists orders add constraint FKpktxwhj3x9m4gth5ff6bkqgeb foreign key (member_id) references member
2026-09-19T21:08:43.241+09:00  INFO 25648 --- [    Test worker] p6spy                                    : #1789819723241 | took 1ms | statement | connection 12| url jdbc:h2:mem:82f87268-94a2-4777-96d5-e5f5da2260fa
alter table if exists orders add constraint FKpktxwhj3x9m4gth5ff6bkqgeb foreign key (member_id) references member
alter table if exists orders add constraint FKpktxwhj3x9m4gth5ff6bkqgeb foreign key (member_id) references member;
2026-09-19T21:08:43.244+09:00  INFO 25648 --- [    Test worker] j.LocalContainerEntityManagerFactoryBean : Initialized JPA EntityManagerFactory for persistence unit 'default'
2026-09-19T21:08:43.453+09:00  WARN 25648 --- [    Test worker] JpaBaseConfiguration$JpaWebConfiguration : spring.jpa.open-in-view is enabled by default. Therefore, database queries may be performed during view rendering. Explicitly configure spring.jpa.open-in-view to disable this warning
2026-09-19T21:08:43.474+09:00  INFO 25648 --- [    Test worker] o.s.b.w.a.WelcomePageHandlerMapping      : Adding welcome page: class path resource [static/index.html]
2026-09-19T21:08:44.129+09:00  INFO 25648 --- [    Test worker] j.jpashop.service.OrderServiceTest       : Started OrderServiceTest in 5.841 seconds (process running for 7.672)
2026-09-19T21:08:44.859+09:00 DEBUG 25648 --- [    Test worker] org.hibernate.SQL                        : select next value for member_seq
2026-09-19T21:08:44.874+09:00  INFO 25648 --- [    Test worker] p6spy                                    : #1789819724874 | took 8ms | statement | connection 13| url jdbc:h2:mem:82f87268-94a2-4777-96d5-e5f5da2260fa
select next value for member_seq
select next value for member_seq;
2026-09-19T21:08:44.912+09:00 DEBUG 25648 --- [    Test worker] org.hibernate.SQL                        : select next value for item_seq
2026-09-19T21:08:44.912+09:00  INFO 25648 --- [    Test worker] p6spy                                    : #1789819724912 | took 0ms | statement | connection 13| url jdbc:h2:mem:82f87268-94a2-4777-96d5-e5f5da2260fa
select next value for item_seq
select next value for item_seq;
2026-09-19T21:08:44.933+09:00  INFO 25648 --- [    Test worker] p6spy                                    : #1789819724933 | took 0ms | rollback | connection 13| url jdbc:h2:mem:82f87268-94a2-4777-96d5-e5f5da2260fa

;
2026-09-19T21:08:44.951+09:00 DEBUG 25648 --- [    Test worker] org.hibernate.SQL                        : select next value for member_seq
2026-09-19T21:08:44.952+09:00  INFO 25648 --- [    Test worker] p6spy                                    : #1789819724952 | took 0ms | statement | connection 14| url jdbc:h2:mem:82f87268-94a2-4777-96d5-e5f5da2260fa
select next value for member_seq
select next value for member_seq;
2026-09-19T21:08:44.953+09:00 DEBUG 25648 --- [    Test worker] org.hibernate.SQL                        : select next value for item_seq
2026-09-19T21:08:44.953+09:00  INFO 25648 --- [    Test worker] p6spy                                    : #1789819724953 | took 0ms | statement | connection 14| url jdbc:h2:mem:82f87268-94a2-4777-96d5-e5f5da2260fa
select next value for item_seq
select next value for item_seq;
2026-09-19T21:08:44.954+09:00 DEBUG 25648 --- [    Test worker] org.hibernate.SQL                        : select next value for orders_seq
2026-09-19T21:08:44.955+09:00  INFO 25648 --- [    Test worker] p6spy                                    : #1789819724955 | took 0ms | statement | connection 14| url jdbc:h2:mem:82f87268-94a2-4777-96d5-e5f5da2260fa
select next value for orders_seq
select next value for orders_seq;
2026-09-19T21:08:44.956+09:00 DEBUG 25648 --- [    Test worker] org.hibernate.SQL                        : select next value for delivery_seq
2026-09-19T21:08:44.958+09:00  INFO 25648 --- [    Test worker] p6spy                                    : #1789819724958 | took 0ms | statement | connection 14| url jdbc:h2:mem:82f87268-94a2-4777-96d5-e5f5da2260fa
select next value for delivery_seq
select next value for delivery_seq;
2026-09-19T21:08:44.961+09:00 DEBUG 25648 --- [    Test worker] org.hibernate.SQL                        : select next value for order_item_seq
2026-09-19T21:08:44.962+09:00  INFO 25648 --- [    Test worker] p6spy                                    : #1789819724961 | took 0ms | statement | connection 14| url jdbc:h2:mem:82f87268-94a2-4777-96d5-e5f5da2260fa
select next value for order_item_seq
select next value for order_item_seq;
2026-09-19T21:08:44.965+09:00  INFO 25648 --- [    Test worker] p6spy                                    : #1789819724965 | took 0ms | rollback | connection 14| url jdbc:h2:mem:82f87268-94a2-4777-96d5-e5f5da2260fa

;
2026-09-19T21:08:44.973+09:00 DEBUG 25648 --- [    Test worker] org.hibernate.SQL                        : select next value for orders_seq
2026-09-19T21:08:44.974+09:00  INFO 25648 --- [    Test worker] p6spy                                    : #1789819724974 | took 0ms | statement | connection 15| url jdbc:h2:mem:82f87268-94a2-4777-96d5-e5f5da2260fa
select next value for orders_seq
select next value for orders_seq;
2026-09-19T21:08:44.974+09:00 DEBUG 25648 --- [    Test worker] org.hibernate.SQL                        : select next value for delivery_seq
2026-09-19T21:08:44.975+09:00  INFO 25648 --- [    Test worker] p6spy                                    : #1789819724975 | took 0ms | statement | connection 15| url jdbc:h2:mem:82f87268-94a2-4777-96d5-e5f5da2260fa
select next value for delivery_seq
select next value for delivery_seq;
2026-09-19T21:08:44.976+09:00 DEBUG 25648 --- [    Test worker] org.hibernate.SQL                        : select next value for order_item_seq
2026-09-19T21:08:44.977+09:00  INFO 25648 --- [    Test worker] p6spy                                    : #1789819724977 | took 0ms | statement | connection 15| url jdbc:h2:mem:82f87268-94a2-4777-96d5-e5f5da2260fa
select next value for order_item_seq
select next value for order_item_seq;
2026-09-19T21:08:44.981+09:00  INFO 25648 --- [    Test worker] p6spy                                    : #1789819724981 | took 0ms | rollback | connection 15| url jdbc:h2:mem:82f87268-94a2-4777-96d5-e5f5da2260fa

;
]]></system-out>
  <system-err><![CDATA[]]></system-err>
</testsuite>
